[2025-10-13 22:20:34 +0600] [514882] [INFO] Starting gunicorn 23.0.0
[2025-10-13 22:20:34 +0600] [514882] [INFO] Listening at: unix:/home/sailo/innoverse/innoverse.sock (514882)
[2025-10-13 22:20:34 +0600] [514882] [INFO] Using worker: gevent
[2025-10-13 22:20:34 +0600] [514888] [INFO] Booting worker with pid: 514888
[2025-10-13 22:20:34 +0600] [514889] [INFO] Booting worker with pid: 514889
[2025-10-13 22:20:34 +0600] [514890] [INFO] Booting worker with pid: 514890
[2025-10-13 22:20:34 +0600] [514891] [INFO] Booting worker with pid: 514891
[2025-10-13 22:20:34 +0600] [514892] [INFO] Booting worker with pid: 514892
[2025-10-14 01:24:30 +0600] [514891] [INFO] Worker exiting (pid: 514891)
[2025-10-14 01:24:30 +0600] [514882] [INFO] Handling signal: term
[2025-10-14 01:24:30 +0600] [514882] [ERROR] Worker (pid:514891) was sent SIGTERM!
[2025-10-14 01:24:31 +0600] [514889] [INFO] Worker exiting (pid: 514889)
[2025-10-14 01:24:31 +0600] [514890] [INFO] Worker exiting (pid: 514890)
[2025-10-14 01:24:31 +0600] [514888] [INFO] Worker exiting (pid: 514888)
[2025-10-14 01:24:31 +0600] [514892] [INFO] Worker exiting (pid: 514892)
[2025-10-14 01:24:33 +0600] [514882] [INFO] Shutting down: Master
[2025-10-14 01:24:34 +0600] [544276] [INFO] Starting gunicorn 23.0.0
[2025-10-14 01:24:34 +0600] [544276] [INFO] Listening at: unix:/home/sailo/innoverse/innoverse.sock (544276)
[2025-10-14 01:24:34 +0600] [544276] [INFO] Using worker: gevent
[2025-10-14 01:24:34 +0600] [544277] [INFO] Booting worker with pid: 544277
[2025-10-14 01:24:34 +0600] [544278] [INFO] Booting worker with pid: 544278
[2025-10-14 01:24:34 +0600] [544279] [INFO] Booting worker with pid: 544279
[2025-10-14 01:24:35 +0600] [544280] [INFO] Booting worker with pid: 544280
[2025-10-14 01:24:35 +0600] [544281] [INFO] Booting worker with pid: 544281
